nohup: ignoring input
Files already downloaded and verified
Files already downloaded and verified
Files already downloaded and verified
Creating ES partitions (paper-accurate)...
ES scores (ascending): [-8.40677, -7.430727, -6.795813]

===== Run 1/1 | Order=HML =====
[TRAIN] Original
    Epoch 1/30  31.60s
    Epoch 2/30  31.99s
    Epoch 3/30  31.38s
    Epoch 4/30  31.41s
    Epoch 5/30  31.90s
    Epoch 6/30  31.93s
    Epoch 7/30  31.52s
    Epoch 8/30  30.49s
    Epoch 9/30  30.68s
    Epoch 10/30  31.72s
    Epoch 11/30  32.14s
    Epoch 12/30  31.71s
    Epoch 13/30  31.85s
    Epoch 14/30  31.82s
    Epoch 15/30  31.83s
    Epoch 16/30  30.93s
    Epoch 17/30  31.77s
    Epoch 18/30  31.99s
    Epoch 19/30  32.04s
    Epoch 20/30  31.87s
    Epoch 21/30  31.90s
    Epoch 22/30  32.14s
    Epoch 23/30  32.30s
    Epoch 24/30  32.33s
    Epoch 25/30  32.55s
    Epoch 26/30  32.42s
    Epoch 27/30  32.39s
    Epoch 28/30  31.58s
    Epoch 29/30  31.44s
    Epoch 30/30  31.83s
[TRAIN] Retrain stage1 on retain-only (|retain|=47000)
    Epoch 1/30  30.66s
    Epoch 2/30  30.62s
    Epoch 3/30  29.97s
    Epoch 4/30  30.69s
    Epoch 5/30  30.44s
    Epoch 6/30  30.21s
    Epoch 7/30  30.04s
    Epoch 8/30  30.14s
    Epoch 9/30  31.09s
    Epoch 10/30  30.64s
    Epoch 11/30  30.88s
    Epoch 12/30  30.61s
    Epoch 13/30  30.42s
    Epoch 14/30  31.27s
    Epoch 15/30  30.55s
    Epoch 16/30  31.17s
    Epoch 17/30  31.40s
    Epoch 18/30  31.01s
    Epoch 19/30  30.50s
    Epoch 20/30  31.13s
    Epoch 21/30  30.52s
    Epoch 22/30  30.75s
    Epoch 23/30  29.71s
    Epoch 24/30  29.63s
    Epoch 25/30  30.03s
    Epoch 26/30  30.42s
    Epoch 27/30  30.23s
    Epoch 28/30  29.91s
    Epoch 29/30  30.38s
    Epoch 30/30  30.50s
[UNLEARN] NegGrad+ stage1 (|forget_added|=3000, |forget_total|=3000)
 HML | stage 1 | Ftot=3000  Ret:84.70/92.64/83.65  Unl:91.87/92.61/84.59  ΔF: +7.17  ΔR:  0.03  ΔT:  0.94  MIA:0.501887  PredDiff:8.686
[TRAIN] Retrain stage2 on retain-only (|retain|=44000)
    Epoch 1/30  28.27s
    Epoch 2/30  28.24s
    Epoch 3/30  28.53s
    Epoch 4/30  27.77s
    Epoch 5/30  28.53s
    Epoch 6/30  28.54s
    Epoch 7/30  28.28s
    Epoch 8/30  28.45s
    Epoch 9/30  27.90s
    Epoch 10/30  28.65s
    Epoch 11/30  28.31s
    Epoch 12/30  29.08s
    Epoch 13/30  29.15s
    Epoch 14/30  29.15s
    Epoch 15/30  29.15s
    Epoch 16/30  28.94s
    Epoch 17/30  28.61s
    Epoch 18/30  27.39s
    Epoch 19/30  27.50s
    Epoch 20/30  28.26s
    Epoch 21/30  28.13s
    Epoch 22/30  28.41s
    Epoch 23/30  28.34s
    Epoch 24/30  27.66s
    Epoch 25/30  28.05s
    Epoch 26/30  28.59s
    Epoch 27/30  27.15s
    Epoch 28/30  27.96s
    Epoch 29/30  28.19s
    Epoch 30/30  28.48s
[UNLEARN] NegGrad+ stage2 (|forget_added|=3000, |forget_total|=6000)
 HML | stage 2 | Ftot=6000  Ret:83.05/92.18/82.37  Unl:91.67/92.47/84.49  ΔF: +8.62  ΔR:  0.29  ΔT:  2.12  MIA:0.506879  PredDiff:9.686
[TRAIN] Retrain stage3 on retain-only (|retain|=41000)
    Epoch 1/30  25.94s
    Epoch 2/30  26.12s
    Epoch 3/30  26.55s
    Epoch 4/30  25.08s
    Epoch 5/30  26.51s
    Epoch 6/30  26.17s
    Epoch 7/30  26.59s
    Epoch 8/30  26.43s
    Epoch 9/30  26.00s
    Epoch 10/30  26.60s
    Epoch 11/30  26.29s
    Epoch 12/30  26.50s
    Epoch 13/30  26.41s
    Epoch 14/30  26.78s
    Epoch 15/30  26.58s
    Epoch 16/30  26.60s
    Epoch 17/30  26.61s
    Epoch 18/30  26.62s
    Epoch 19/30  26.01s
    Epoch 20/30  26.33s
    Epoch 21/30  26.68s
    Epoch 22/30  26.77s
    Epoch 23/30  26.49s
    Epoch 24/30  26.50s
    Epoch 25/30  26.57s
    Epoch 26/30  26.40s
    Epoch 27/30  26.53s
    Epoch 28/30  26.33s
    Epoch 29/30  26.12s
    Epoch 30/30  26.62s
[UNLEARN] NegGrad+ stage3 (|forget_added|=3000, |forget_total|=9000)
 HML | stage 3 | Ftot=9000  Ret:82.52/91.47/82.37  Unl:91.10/92.41/84.01  ΔF: +8.58  ΔR:  0.95  ΔT:  1.64  MIA:0.506901  PredDiff:10.598

===== Run 1/1 | Order=LMH =====
[TRAIN] Original
    Epoch 1/30  31.73s
    Epoch 2/30  31.76s
    Epoch 3/30  32.09s
    Epoch 4/30  31.97s
    Epoch 5/30  32.26s
    Epoch 6/30  32.33s
    Epoch 7/30  32.40s
    Epoch 8/30  32.05s
    Epoch 9/30  32.68s
    Epoch 10/30  33.09s
    Epoch 11/30  32.73s
    Epoch 12/30  32.88s
    Epoch 13/30  32.73s
    Epoch 14/30  33.08s
    Epoch 15/30  32.64s
    Epoch 16/30  32.92s
    Epoch 17/30  32.94s
    Epoch 18/30  31.93s
    Epoch 19/30  31.51s
    Epoch 20/30  32.53s
    Epoch 21/30  32.23s
    Epoch 22/30  31.97s
    Epoch 23/30  32.09s
    Epoch 24/30  31.83s
    Epoch 25/30  32.10s
    Epoch 26/30  32.94s
    Epoch 27/30  32.94s
    Epoch 28/30  31.80s
    Epoch 29/30  31.76s
    Epoch 30/30  31.74s
[TRAIN] Retrain stage1 on retain-only (|retain|=47000)
    Epoch 1/30  29.72s
    Epoch 2/30  29.96s
    Epoch 3/30  29.93s
    Epoch 4/30  29.83s
    Epoch 5/30  29.86s
    Epoch 6/30  29.10s
    Epoch 7/30  29.86s
    Epoch 8/30  29.92s
    Epoch 9/30  29.36s
    Epoch 10/30  29.29s
    Epoch 11/30  29.27s
    Epoch 12/30  30.03s
    Epoch 13/30  29.76s
    Epoch 14/30  29.81s
    Epoch 15/30  28.63s
    Epoch 16/30  27.66s
    Epoch 17/30  28.70s
    Epoch 18/30  29.67s
    Epoch 19/30  29.69s
    Epoch 20/30  29.75s
    Epoch 21/30  29.59s
    Epoch 22/30  29.44s
    Epoch 23/30  29.31s
    Epoch 24/30  29.22s
    Epoch 25/30  29.15s
    Epoch 26/30  29.68s
    Epoch 27/30  29.63s
    Epoch 28/30  29.46s
    Epoch 29/30  29.59s
    Epoch 30/30  29.58s
[UNLEARN] NegGrad+ stage1 (|forget_added|=3000, |forget_total|=3000)
 LMH | stage 1 | Ftot=3000  Ret:84.57/92.31/83.15  Unl:91.30/92.19/83.57  ΔF: +6.73  ΔR:  0.11  ΔT:  0.42  MIA:0.507621  PredDiff:9.578
[TRAIN] Retrain stage2 on retain-only (|retain|=44000)
    Epoch 1/30  27.62s
    Epoch 2/30  27.41s
    Epoch 3/30  27.73s
    Epoch 4/30  27.79s
    Epoch 5/30  27.64s
    Epoch 6/30  27.96s
    Epoch 7/30  27.60s
    Epoch 8/30  27.85s
    Epoch 9/30  27.73s
    Epoch 10/30  27.38s
    Epoch 11/30  27.20s
    Epoch 12/30  27.86s
    Epoch 13/30  27.45s
    Epoch 14/30  27.35s
    Epoch 15/30  27.88s
    Epoch 16/30  27.51s
    Epoch 17/30  27.25s
    Epoch 18/30  26.85s
    Epoch 19/30  27.95s
    Epoch 20/30  27.85s
    Epoch 21/30  27.92s
    Epoch 22/30  27.79s
    Epoch 23/30  27.29s
    Epoch 24/30  27.26s
    Epoch 25/30  27.51s
    Epoch 26/30  27.44s
    Epoch 27/30  27.50s
    Epoch 28/30  27.39s
    Epoch 29/30  27.55s
    Epoch 30/30  27.94s
[UNLEARN] NegGrad+ stage2 (|forget_added|=3000, |forget_total|=6000)
 LMH | stage 2 | Ftot=6000  Ret:82.67/91.77/83.20  Unl:90.18/91.93/83.08  ΔF: +7.52  ΔR:  0.16  ΔT:  0.12  MIA:0.510083  PredDiff:10.364
[TRAIN] Retrain stage3 on retain-only (|retain|=41000)
    Epoch 1/30  25.79s
    Epoch 2/30  26.14s
    Epoch 3/30  26.17s
    Epoch 4/30  26.01s
    Epoch 5/30  24.86s
    Epoch 6/30  24.57s
    Epoch 7/30  24.55s
    Epoch 8/30  24.94s
    Epoch 9/30  24.87s
    Epoch 10/30  24.68s
    Epoch 11/30  25.76s
    Epoch 12/30  26.10s
    Epoch 13/30  26.01s
    Epoch 14/30  25.82s
    Epoch 15/30  25.46s
    Epoch 16/30  25.98s
    Epoch 17/30  25.51s
    Epoch 18/30  26.00s
    Epoch 19/30  25.65s
    Epoch 20/30  25.72s
    Epoch 21/30  25.87s
    Epoch 22/30  25.92s
    Epoch 23/30  26.21s
    Epoch 24/30  26.21s
    Epoch 25/30  26.03s
    Epoch 26/30  26.27s
    Epoch 27/30  25.97s
    Epoch 28/30  26.55s
    Epoch 29/30  26.29s
    Epoch 30/30  26.59s
[UNLEARN] NegGrad+ stage3 (|forget_added|=3000, |forget_total|=9000)
 LMH | stage 3 | Ftot=9000  Ret:81.91/91.60/81.99  Unl:91.02/92.45/83.51  ΔF: +9.11  ΔR:  0.85  ΔT:  1.52  MIA:0.509738  PredDiff:10.908

===== Run 1/1 | Order=RND =====
[TRAIN] Original
    Epoch 1/30  31.36s
    Epoch 2/30  31.27s
    Epoch 3/30  31.47s
    Epoch 4/30  31.51s
    Epoch 5/30  30.93s
    Epoch 6/30  29.25s
    Epoch 7/30  30.00s
    Epoch 8/30  31.13s
    Epoch 9/30  31.22s
    Epoch 10/30  31.60s
    Epoch 11/30  31.69s
    Epoch 12/30  31.56s
    Epoch 13/30  31.24s
    Epoch 14/30  31.58s
    Epoch 15/30  31.61s
    Epoch 16/30  31.79s
    Epoch 17/30  31.38s
    Epoch 18/30  31.42s
    Epoch 19/30  31.33s
    Epoch 20/30  31.51s
    Epoch 21/30  31.71s
    Epoch 22/30  31.50s
    Epoch 23/30  31.92s
    Epoch 24/30  31.96s
    Epoch 25/30  30.84s
    Epoch 26/30  31.32s
    Epoch 27/30  31.49s
    Epoch 28/30  31.38s
    Epoch 29/30  31.68s
    Epoch 30/30  31.62s
[TRAIN] Retrain stage1 on retain-only (|retain|=47000)
    Epoch 1/30  29.43s
    Epoch 2/30  29.39s
    Epoch 3/30  29.24s
    Epoch 4/30  29.02s
    Epoch 5/30  29.31s
    Epoch 6/30  28.93s
    Epoch 7/30  29.47s
    Epoch 8/30  29.51s
    Epoch 9/30  29.30s
    Epoch 10/30  29.50s
    Epoch 11/30  28.57s
    Epoch 12/30  27.99s
    Epoch 13/30  28.10s
    Epoch 14/30  28.07s
    Epoch 15/30  28.29s
    Epoch 16/30  27.99s
    Epoch 17/30  28.80s
    Epoch 18/30  29.55s
    Epoch 19/30  29.58s
    Epoch 20/30  29.46s
    Epoch 21/30  29.56s
    Epoch 22/30  29.70s
    Epoch 23/30  29.72s
    Epoch 24/30  29.23s
    Epoch 25/30  28.10s
    Epoch 26/30  28.58s
    Epoch 27/30  29.70s
    Epoch 28/30  29.81s
    Epoch 29/30  29.74s
    Epoch 30/30  29.67s
[UNLEARN] NegGrad+ stage1 (|forget_added|=3000, |forget_total|=3000)
 RND | stage 1 | Ftot=3000  Ret:85.07/93.06/84.53  Unl:91.77/91.88/83.79  ΔF: +6.70  ΔR:  1.18  ΔT:  0.74  MIA:0.505397  PredDiff:9.148
[TRAIN] Retrain stage2 on retain-only (|retain|=44000)
    Epoch 1/30  27.64s
    Epoch 2/30  27.45s
    Epoch 3/30  27.27s
    Epoch 4/30  26.99s
    Epoch 5/30  27.10s
    Epoch 6/30  27.36s
    Epoch 7/30  27.74s
    Epoch 8/30  27.19s
    Epoch 9/30  25.87s
    Epoch 10/30  26.48s
    Epoch 11/30  27.84s
    Epoch 12/30  27.49s
    Epoch 13/30  27.76s
    Epoch 14/30  28.11s
    Epoch 15/30  27.89s
    Epoch 16/30  27.86s
    Epoch 17/30  27.92s
    Epoch 18/30  27.84s
    Epoch 19/30  27.74s
    Epoch 20/30  28.11s
    Epoch 21/30  28.06s
    Epoch 22/30  27.94s
    Epoch 23/30  27.76s
    Epoch 24/30  27.86s
    Epoch 25/30  27.52s
    Epoch 26/30  27.42s
    Epoch 27/30  27.49s
    Epoch 28/30  26.74s
    Epoch 29/30  27.24s
    Epoch 30/30  27.80s
[UNLEARN] NegGrad+ stage2 (|forget_added|=3000, |forget_total|=6000)
 RND | stage 2 | Ftot=6000  Ret:83.62/92.15/83.10  Unl:90.72/91.65/83.15  ΔF: +7.10  ΔR:  0.49  ΔT:  0.05  MIA:0.507174  PredDiff:10.076
[TRAIN] Retrain stage3 on retain-only (|retain|=41000)
    Epoch 1/30  25.90s
    Epoch 2/30  26.03s
    Epoch 3/30  26.01s
    Epoch 4/30  26.23s
    Epoch 5/30  25.64s
    Epoch 6/30  25.66s
    Epoch 7/30  25.60s
    Epoch 8/30  25.57s
    Epoch 9/30  25.39s
    Epoch 10/30  24.56s
    Epoch 11/30  24.76s
    Epoch 12/30  25.54s
    Epoch 13/30  25.64s
    Epoch 14/30  25.87s
    Epoch 15/30  25.56s
    Epoch 16/30  25.54s
    Epoch 17/30  25.50s
    Epoch 18/30  25.93s
    Epoch 19/30  25.73s
    Epoch 20/30  25.52s
    Epoch 21/30  25.97s
    Epoch 22/30  25.99s
    Epoch 23/30  25.85s
    Epoch 24/30  26.01s
    Epoch 25/30  24.87s
    Epoch 26/30  25.83s
    Epoch 27/30  25.84s
    Epoch 28/30  25.32s
    Epoch 29/30  25.57s
    Epoch 30/30  25.05s
[UNLEARN] NegGrad+ stage3 (|forget_added|=3000, |forget_total|=9000)
 RND | stage 3 | Ftot=9000  Ret:81.82/91.71/82.32  Unl:89.76/91.76/82.98  ΔF: +7.93  ΔR:  0.05  ΔT:  0.66  MIA:0.513080  PredDiff:10.994

===== Stage-wise results =====
order  stage  forget_total  Retrain_F  Retrain_R  Retrain_T  Unlearn_F  Unlearn_R  Unlearn_T       ΔF       ΔR   ΔT      MIA  PredDiff(%)
  HML      1          3000  84.700000  92.636170      83.65  91.866667  92.610638      84.59 7.166667 0.025532 0.94 0.501887        8.686
  HML      2          6000  83.050000  92.179545      82.37  91.666667  92.465909      84.49 8.616667 0.286364 2.12 0.506879        9.686
  HML      3          9000  82.522222  91.465854      82.37  91.100000  92.414634      84.01 8.577778 0.948780 1.64 0.506901       10.598
  LMH      1          3000  84.566667  92.306383      83.15  91.300000  92.191489      83.57 6.733333 0.114894 0.42 0.507621        9.578
  LMH      2          6000  82.666667  91.765909      83.20  90.183333  91.929545      83.08 7.516667 0.163636 0.12 0.510083       10.364
  LMH      3          9000  81.911111  91.600000      81.99  91.022222  92.453659      83.51 9.111111 0.853659 1.52 0.509738       10.908
  RND      1          3000  85.066667  93.059574      84.53  91.766667  91.876596      83.79 6.700000 1.182979 0.74 0.505397        9.148
  RND      2          6000  83.616667  92.145455      83.10  90.716667  91.654545      83.15 7.100000 0.490909 0.05 0.507174       10.076
  RND      3          9000  81.822222  91.709756      82.32  89.755556  91.756098      82.98 7.933333 0.046341 0.66 0.513080       10.994

===== Final (after last stage) =====
order  Unlearn_F  Unlearn_R  Unlearn_T       ΔF       ΔR   ΔT      MIA  PredDiff(%)
  HML  91.100000  92.414634      84.01 8.577778 0.948780 1.64 0.506901       10.598
  LMH  91.022222  92.453659      83.51 9.111111 0.853659 1.52 0.509738       10.908
  RND  89.755556  91.756098      82.98 7.933333 0.046341 0.66 0.513080       10.994

Saved: saved_models/curriculum_results.csv
